# JRE version: Java(TM) SE Runtime Environment (8.0_40-b26) (build 1.8.0_40-b26)
# Java VM: Java HotSpot(TM) 64-Bit Server VM (25.40-b25 mixed mode windows-amd64 compressed oops)
Heap:
 par new generation   total 314560K, used 53782K [0x00000000c0000000, 0x00000000d5550000, 0x00000000d5550000)
  eden space 279616K,  12% used [0x00000000c0000000, 0x00000000c229bda0, 0x00000000d1110000)
  from space 34944K,  52% used [0x00000000d1110000, 0x00000000d22f9d90, 0x00000000d3330000)
  to   space 34944K,   0% used [0x00000000d3330000, 0x00000000d3330000, 0x00000000d5550000)
 concurrent mark-sweep generation total 699072K, used 123532K [0x00000000d5550000, 0x0000000100000000, 0x0000000100000000)
 Metaspace       used 33459K, capacity 33845K, committed 34380K, reserved 1079296K
  class space    used 4165K, capacity 4327K, committed 4428K, reserved 1048576K
GC Heap History (10 events):
Event: 7.161 GC heap before
{Heap before GC invocations=4 (full 2):
 par new generation   total 314560K, used 299181K [0x00000000c0000000, 0x00000000d5550000, 0x00000000d5550000)
  eden space 279616K, 100% used [0x00000000c0000000, 0x00000000d1110000, 0x00000000d1110000)
  from space 34944K,  55% used [0x00000000d3330000, 0x00000000d464b5e8, 0x00000000d5550000)
  to   space 34944K,   0% used [0x00000000d1110000, 0x00000000d1110000, 0x00000000d3330000)
 concurrent mark-sweep generation total 699072K, used 47709K [0x00000000d5550000, 0x0000000100000000, 0x0000000100000000)
 Metaspace       used 27640K, capacity 27895K, committed 28108K, reserved 1073152K
  class space    used 3388K, capacity 3480K, committed 3532K, reserved 1048576K
Event: 7.173 GC heap after
Heap after GC invocations=5 (full 2):
 par new generation   total 314560K, used 25627K [0x00000000c0000000, 0x00000000d5550000, 0x00000000d5550000)
  eden space 279616K,   0% used [0x00000000c0000000, 0x00000000c0000000, 0x00000000d1110000)
  from space 34944K,  73% used [0x00000000d1110000, 0x00000000d2a16d60, 0x00000000d3330000)
  to   space 34944K,   0% used [0x00000000d3330000, 0x00000000d3330000, 0x00000000d5550000)
 concurrent mark-sweep generation total 699072K, used 47709K [0x00000000d5550000, 0x0000000100000000, 0x0000000100000000)
 Metaspace       used 27640K, capacity 27895K, committed 28108K, reserved 1073152K
  class space    used 3388K, capacity 3480K, committed 3532K, reserved 1048576K
}
Event: 9.057 GC heap before
{Heap before GC invocations=5 (full 3):
 par new generation   total 314560K, used 305243K [0x00000000c0000000, 0x00000000d5550000, 0x00000000d5550000)
  eden space 279616K, 100% used [0x00000000c0000000, 0x00000000d1110000, 0x00000000d1110000)
  from space 34944K,  73% used [0x00000000d1110000, 0x00000000d2a16d60, 0x00000000d3330000)
  to   space 34944K,   0% used [0x00000000d3330000, 0x00000000d3330000, 0x00000000d5550000)
 concurrent mark-sweep generation total 699072K, used 47709K [0x00000000d5550000, 0x0000000100000000, 0x0000000100000000)
 Metaspace       used 28381K, capacity 28637K, committed 29004K, reserved 1075200K
  class space    used 3458K, capacity 3577K, committed 3660K, reserved 1048576K
Event: 9.087 GC heap after
Heap after GC invocations=6 (full 3):
 par new generation   total 314560K, used 34943K [0x00000000c0000000, 0x00000000d5550000, 0x00000000d5550000)
  eden space 279616K,   0% used [0x00000000c0000000, 0x00000000c0000000, 0x00000000d1110000)
  from space 34944K,  99% used [0x00000000d3330000, 0x00000000d554fff8, 0x00000000d5550000)
  to   space 34944K,   0% used [0x00000000d1110000, 0x00000000d1110000, 0x00000000d3330000)
 concurrent mark-sweep generation total 699072K, used 70847K [0x00000000d5550000, 0x0000000100000000, 0x0000000100000000)
 Metaspace       used 28381K, capacity 28637K, committed 29004K, reserved 1075200K
  class space    used 3458K, capacity 3577K, committed 3660K, reserved 1048576K
}
Event: 10.054 GC heap before
{Heap before GC invocations=6 (full 3):
 par new generation   total 314560K, used 314559K [0x00000000c0000000, 0x00000000d5550000, 0x00000000d5550000)
  eden space 279616K, 100% used [0x00000000c0000000, 0x00000000d1110000, 0x00000000d1110000)
  from space 34944K,  99% used [0x00000000d3330000, 0x00000000d554fff8, 0x00000000d5550000)
  to   space 34944K,   0% used [0x00000000d1110000, 0x00000000d1110000, 0x00000000d3330000)
 concurrent mark-sweep generation total 699072K, used 70847K [0x00000000d5550000, 0x0000000100000000, 0x0000000100000000)
 Metaspace       used 28400K, capacity 28701K, committed 29004K, reserved 1075200K
  class space    used 3458K, capacity 3577K, committed 3660K, reserved 1048576K
Event: 10.093 GC heap after
Heap after GC invocations=7 (full 3):
 par new generation   total 314560K, used 34944K [0x00000000c0000000, 0x00000000d5550000, 0x00000000d5550000)
  eden space 279616K,   0% used [0x00000000c0000000, 0x00000000c0000000, 0x00000000d1110000)
  from space 34944K, 100% used [0x00000000d1110000, 0x00000000d3330000, 0x00000000d3330000)
  to   space 34944K,   0% used [0x00000000d3330000, 0x00000000d3330000, 0x00000000d5550000)
 concurrent mark-sweep generation total 699072K, used 112195K [0x00000000d5550000, 0x0000000100000000, 0x0000000100000000)
 Metaspace       used 28400K, capacity 28701K, committed 29004K, reserved 1075200K
  class space    used 3458K, capacity 3577K, committed 3660K, reserved 1048576K
}
Event: 11.312 GC heap before
{Heap before GC invocations=7 (full 3):
 par new generation   total 314560K, used 314560K [0x00000000c0000000, 0x00000000d5550000, 0x00000000d5550000)
  eden space 279616K, 100% used [0x00000000c0000000, 0x00000000d1110000, 0x00000000d1110000)
  from space 34944K, 100% used [0x00000000d1110000, 0x00000000d3330000, 0x00000000d3330000)
  to   space 34944K,   0% used [0x00000000d3330000, 0x00000000d3330000, 0x00000000d5550000)
 concurrent mark-sweep generation total 699072K, used 110957K [0x00000000d5550000, 0x0000000100000000, 0x0000000100000000)
 Metaspace       used 30924K, capacity 31163K, committed 31564K, reserved 1077248K
  class space    used 3803K, capacity 3904K, committed 3916K, reserved 1048576K
Event: 11.327 GC heap after
Heap after GC invocations=8 (full 3):
 par new generation   total 314560K, used 21592K [0x00000000c0000000, 0x00000000d5550000, 0x00000000d5550000)
  eden space 279616K,   0% used [0x00000000c0000000, 0x00000000c0000000, 0x00000000d1110000)
  from space 34944K,  61% used [0x00000000d3330000, 0x00000000d4846138, 0x00000000d5550000)
  to   space 34944K,   0% used [0x00000000d1110000, 0x00000000d1110000, 0x00000000d3330000)
 concurrent mark-sweep generation total 699072K, used 123532K [0x00000000d5550000, 0x0000000100000000, 0x0000000100000000)
 Metaspace       used 30924K, capacity 31163K, committed 31564K, reserved 1077248K
  class space    used 3803K, capacity 3904K, committed 3916K, reserved 1048576K
}
Event: 12.199 GC heap before
{Heap before GC invocations=8 (full 3):
 par new generation   total 314560K, used 301208K [0x00000000c0000000, 0x00000000d5550000, 0x00000000d5550000)
  eden space 279616K, 100% used [0x00000000c0000000, 0x00000000d1110000, 0x00000000d1110000)
  from space 34944K,  61% used [0x00000000d3330000, 0x00000000d4846138, 0x00000000d5550000)
  to   space 34944K,   0% used [0x00000000d1110000, 0x00000000d1110000, 0x00000000d3330000)
 concurrent mark-sweep generation total 699072K, used 123532K [0x00000000d5550000, 0x0000000100000000, 0x0000000100000000)
 Metaspace       used 33192K, capacity 33525K, committed 33996K, reserved 1079296K
  class space    used 4141K, capacity 4263K, committed 4300K, reserved 1048576K
Event: 12.206 GC heap after
Heap after GC invocations=9 (full 3):
 par new generation   total 314560K, used 18343K [0x00000000c0000000, 0x00000000d5550000, 0x00000000d5550000)
  eden space 279616K,   0% used [0x00000000c0000000, 0x00000000c0000000, 0x00000000d1110000)
  from space 34944K,  52% used [0x00000000d1110000, 0x00000000d22f9d90, 0x00000000d3330000)
  to   space 34944K,   0% used [0x00000000d3330000, 0x00000000d3330000, 0x00000000d5550000)
 concurrent mark-sweep generation total 699072K, used 123532K [0x00000000d5550000, 0x0000000100000000, 0x0000000100000000)
 Metaspace       used 33192K, capacity 33525K, committed 33996K, reserved 1079296K
  class space    used 4141K, capacity 4263K, committed 4300K, reserved 1048576K
}

